<?xml version="1.0" encoding="UTF-8"?>
<!-- Generated by org.testng.reporters.JUnitXMLReporter -->
<testsuite hostname="Lucy-Didiers-MacBook-Pro.local" name="Default test" tests="5" failures="0" timestamp="2 Jul 2013 22:42:47 GMT" time="0.028" errors="0">
  <testcase name="@BeforeClass beforeClass" time="0.0" classname="BlueSky.Login">
    <failure type="org.testng.TestNGException" message="
Parameter &amp;apos;host&amp;apos; is required by @Configuration on method beforeClass but has not been marked @Optional or defined
in /private/var/folders/yh/2gf3p4gn7pd9pny8zf1dtx0w0000gn/T/testng-eclipse--662631389/testng-customsuite.xml">
      <![CDATA[org.testng.TestNGException: 
Parameter 'host' is required by @Configuration on method beforeClass but has not been marked @Optional or defined
in /private/var/folders/yh/2gf3p4gn7pd9pny8zf1dtx0w0000gn/T/testng-eclipse--662631389/testng-customsuite.xml
	at org.testng.internal.Parameters.createParameters(Parameters.java:155)
	at org.testng.internal.Parameters.createParameters(Parameters.java:358)
	at org.testng.internal.Parameters.createConfigurationParameters(Parameters.java:86)
	at org.testng.internal.Invoker.invokeConfigurations(Invoker.java:199)
	at org.testng.internal.Invoker.invokeConfigurations(Invoker.java:138)
	at org.testng.internal.TestMethodWorker.invokeBeforeClassMethods(TestMethodWorker.java:175)
	at org.testng.internal.TestMethodWorker.run(TestMethodWorker.java:107)
	at org.testng.TestRunner.privateRun(TestRunner.java:767)
	at org.testng.TestRunner.run(TestRunner.java:617)
	at org.testng.SuiteRunner.runTest(SuiteRunner.java:335)
	at org.testng.SuiteRunner.runSequentially(SuiteRunner.java:330)
	at org.testng.SuiteRunner.privateRun(SuiteRunner.java:291)
	at org.testng.SuiteRunner.run(SuiteRunner.java:240)
	at org.testng.SuiteRunnerWorker.runSuite(SuiteRunnerWorker.java:52)
	at org.testng.SuiteRunnerWorker.run(SuiteRunnerWorker.java:86)
	at org.testng.TestNG.runSuitesSequentially(TestNG.java:1224)
	at org.testng.TestNG.runSuitesLocally(TestNG.java:1149)
	at org.testng.TestNG.run(TestNG.java:1057)
	at org.testng.remote.RemoteTestNG.run(RemoteTestNG.java:111)
	at org.testng.remote.RemoteTestNG.initAndRun(RemoteTestNG.java:204)
	at org.testng.remote.RemoteTestNG.main(RemoteTestNG.java:175)
]]>
    </failure>
  </testcase> <!-- @BeforeClass beforeClass -->
  <testcase name="clickSingInButton" time="0.0050" classname="BlueSky.Login">
    <skipped/>
  </testcase> <!-- clickSingInButton -->
  <testcase name="clikOnSingIn" time="0.0" classname="BlueSky.Login">
    <skipped/>
  </testcase> <!-- clikOnSingIn -->
  <testcase name="enterUserInformation" time="0.0010" classname="BlueSky.Login">
    <skipped/>
  </testcase> <!-- enterUserInformation -->
  <testcase name="openSite" time="0.0010" classname="BlueSky.Login">
    <skipped/>
  </testcase> <!-- openSite -->
  <testcase name="verifyLogged" time="0.0" classname="BlueSky.Login">
    <skipped/>
  </testcase> <!-- verifyLogged -->
</testsuite> <!-- Default test -->
