<!DOCTYPE html PUBLIC "-//W3C//DTD XHTML 1.1//EN" "http://www.w3.org/TR/xhtml11/DTD/xhtml11.dtd">
<html xmlns="http://www.w3.org/1999/xhtml"><head><title>TestNG Report</title><style type="text/css">table {margin-bottom:10px;border-collapse:collapse;empty-cells:show}th,td {border:1px solid #009;padding:.25em .5em}th {vertical-align:bottom}td {vertical-align:top}table a {font-weight:bold}.stripe td {background-color: #E6EBF9}.num {text-align:right}.passedodd td {background-color: #3F3}.passedeven td {background-color: #0A0}.skippedodd td {background-color: #DDD}.skippedeven td {background-color: #CCC}.failedodd td,.attn {background-color: #F33}.failedeven td,.stripe .attn {background-color: #D00}.stacktrace {white-space:pre;font-family:monospace}.totop {font-size:85%;text-align:center;border-bottom:2px solid #000}</style></head><body><table><tr><th>Test</th><th># Passed</th><th># Skipped</th><th># Failed</th><th>Time (ms)</th><th>Included Groups</th><th>Excluded Groups</th></tr><tr><th colspan="7">Test Login  for BlueSky UI</th></tr><tr><td><a href="#t0">Login Test - Login Success - Dev Site</a></td><td class="num">4</td><td class="num">0</td><td class="num attn">1</td><td class="num">210,703</td><td></td><td></td></tr><tr class="stripe"><td><a href="#t1">Login Test - Login Success - PGA Site</a></td><td class="num">5</td><td class="num">0</td><td class="num">0</td><td class="num">1,228,647</td><td></td><td></td></tr><tr><td><a href="#t2">Login Test - Login Success - Staging Site</a></td><td class="num">4</td><td class="num">0</td><td class="num attn">1</td><td class="num">1,234,310</td><td></td><td></td></tr><tr><th>Total</th><th class="num">13</th><th class="num">0</th><th class="num attn">2</th><th class="num">2,673,660</th><th colspan="2"></th></tr></table><table><thead><tr><th>Class</th><th>Method</th><th>Start</th><th>Time (ms)</th></tr></thead><tbody><tr><th colspan="4">Test Login  for BlueSky UI</th></tr></tbody><tbody id="t0"><tr><th colspan="4">Login Test - Login Success - Dev Site &#8212; failed</th></tr><tr class="failedeven"><td rowspan="1">BlueSky.Login</td><td><a href="#m0">verifyLogged</a></td><td rowspan="1">1372805147532</td><td rowspan="1">190551</td></tr><tr><th colspan="4">Login Test - Login Success - Dev Site &#8212; passed</th></tr><tr class="passedeven"><td rowspan="4">BlueSky.Login</td><td><a href="#m1">clickSingInButton</a></td><td rowspan="1">1372805147460</td><td rowspan="1">71</td></tr><tr class="passedeven"><td><a href="#m2">clikOnSingIn</a></td><td rowspan="1">1372805137095</td><td rowspan="1">10175</td></tr><tr class="passedeven"><td><a href="#m3">enterUserInformation</a></td><td rowspan="1">1372805147271</td><td rowspan="1">187</td></tr><tr class="passedeven"><td><a href="#m4">openSite</a></td><td rowspan="1">1372805130182</td><td rowspan="1">6911</td></tr></tbody><tbody id="t1"><tr><th colspan="4">Login Test - Login Success - PGA Site &#8212; passed</th></tr><tr class="passedeven"><td rowspan="5">BlueSky.Login</td><td><a href="#m5">clickSingInButton</a></td><td rowspan="1">1372805154227</td><td rowspan="1">69</td></tr><tr class="passedeven"><td><a href="#m6">clikOnSingIn</a></td><td rowspan="1">1372805143508</td><td rowspan="1">10137</td></tr><tr class="passedeven"><td><a href="#m7">enterUserInformation</a></td><td rowspan="1">1372805153646</td><td rowspan="1">580</td></tr><tr class="passedeven"><td><a href="#m8">openSite</a></td><td rowspan="1">1372805130182</td><td rowspan="1">13325</td></tr><tr class="passedeven"><td><a href="#m9">verifyLogged</a></td><td rowspan="1">1372805154297</td><td rowspan="1">1201731</td></tr></tbody><tbody id="t2"><tr><th colspan="4">Login Test - Login Success - Staging Site &#8212; failed</th></tr><tr class="failedeven"><td rowspan="1">BlueSky.Login</td><td><a href="#m10">openSite</a></td><td rowspan="1">1372805130182</td><td rowspan="1">19307</td></tr><tr><th colspan="4">Login Test - Login Success - Staging Site &#8212; passed</th></tr><tr class="passedeven"><td rowspan="4">BlueSky.Login</td><td><a href="#m11">clickSingInButton</a></td><td rowspan="1">1372805160014</td><td rowspan="1">87</td></tr><tr class="passedeven"><td><a href="#m12">clikOnSingIn</a></td><td rowspan="1">1372805149498</td><td rowspan="1">10085</td></tr><tr class="passedeven"><td><a href="#m13">enterUserInformation</a></td><td rowspan="1">1372805159584</td><td rowspan="1">429</td></tr><tr class="passedeven"><td><a href="#m14">verifyLogged</a></td><td rowspan="1">1372805160102</td><td rowspan="1">1201590</td></tr></tbody></table><h2>Login Test - Login Success - Dev Site</h2><h3 id="m0">BlueSky.Login#verifyLogged</h3><table class="result"><tr><th>Exception</th></tr><tr><td><div class="stacktrace">org.openqa.selenium.NoSuchElementException: The element could not be found (WARNING: The server did not provide any stacktrace information)
Command duration or timeout: 6 milliseconds
For documentation on this error, please visit: http://seleniumhq.org/exceptions/no_such_element.html
Build info: version: &apos;2.33.0&apos;, revision: &apos;4e90c97&apos;, time: &apos;2013-05-22 15:32:38&apos;
System info: os.name: &apos;Mac OS X&apos;, os.arch: &apos;x86_64&apos;, os.version: &apos;10.8.4&apos;, java.version: &apos;1.6.0_51&apos;
Session ID: b914d1caa20c5ea511667d2727ca9a3c
Driver info: org.openqa.selenium.chrome.ChromeDriver
Capabilities [{platform=MAC, chrome.chromedriverVersion=26.0.1383.0, acceptSslCerts=false, javascriptEnabled=true, browserName=chrome, rotatable=false, locationContextEnabled=false, version=27.0.1453.116, cssSelectorsEnabled=true, databaseEnabled=false, handlesAlerts=true, browserConnectionEnabled=false, nativeEvents=true, webStorageEnabled=true, applicationCacheEnabled=false, takesScreenshot=true}]
Command duration or timeout: 289 milliseconds
For documentation on this error, please visit: http://seleniumhq.org/exceptions/no_such_element.html
Build info: version: &apos;2.32.0&apos;, revision: &apos;6c40c18&apos;, time: &apos;2013-04-09 17:23:22&apos;
System info: os.name: &apos;Mac OS X&apos;, os.arch: &apos;x86_64&apos;, os.version: &apos;10.8.4&apos;, java.version: &apos;1.6.0_51&apos;
Session ID: 587d22ce-24fd-484e-8102-d81027209da9
Driver info: org.openqa.selenium.remote.RemoteWebDriver
Capabilities [{platform=MAC, chrome.chromedriverVersion=26.0.1383.0, acceptSslCerts=false, javascriptEnabled=true, browserName=chrome, rotatable=false, locationContextEnabled=false, webdriver.remote.sessionid=587d22ce-24fd-484e-8102-d81027209da9, version=27.0.1453.116, cssSelectorsEnabled=true, databaseEnabled=false, handlesAlerts=true, browserConnectionEnabled=false, nativeEvents=true, webStorageEnabled=true, applicationCacheEnabled=false, takesScreenshot=true}]
	at org.openqa.selenium.remote.ErrorHandler.createThrowable(ErrorHandler.java:187)
	at org.openqa.selenium.remote.ErrorHandler.throwIfResponseFailed(ErrorHandler.java:145)
	at org.openqa.selenium.remote.RemoteWebDriver.execute(RemoteWebDriver.java:554)
	at org.openqa.selenium.remote.RemoteWebDriver.findElement(RemoteWebDriver.java:307)
	at org.openqa.selenium.remote.RemoteWebDriver.findElementByName(RemoteWebDriver.java:380)
	at org.openqa.selenium.By$ByName.findElement(By.java:292)
	at org.openqa.selenium.remote.RemoteWebDriver.findElement(RemoteWebDriver.java:299)
	at BlueSky.Login.verifyLogged(Login.java:133)
	at java.util.concurrent.FutureTask$Sync.innerRun(FutureTask.java:303)
	at java.util.concurrent.FutureTask.run(FutureTask.java:138)
	at java.util.concurrent.ThreadPoolExecutor$Worker.runTask(ThreadPoolExecutor.java:895)
	at java.util.concurrent.ThreadPoolExecutor$Worker.run(ThreadPoolExecutor.java:918)
	at java.lang.Thread.run(Thread.java:680)
Caused by: org.openqa.selenium.remote.ScreenshotException: Screen shot has been taken
Build info: version: &apos;2.32.0&apos;, revision: &apos;6c40c18&apos;, time: &apos;2013-04-09 17:23:22&apos;
System info: os.name: &apos;Mac OS X&apos;, os.arch: &apos;x86_64&apos;, os.version: &apos;10.8.4&apos;, java.version: &apos;1.6.0_51&apos;
Driver info: driver.version: RemoteWebDriver
	at org.openqa.selenium.remote.ErrorHandler.throwIfResponseFailed(ErrorHandler.java:125)
	... 27 more
Caused by: org.openqa.selenium.NoSuchElementException: The element could not be found (WARNING: The server did not provide any stacktrace information)
Command duration or timeout: 6 milliseconds
For documentation on this error, please visit: http://seleniumhq.org/exceptions/no_such_element.html
Build info: version: &apos;2.33.0&apos;, revision: &apos;4e90c97&apos;, time: &apos;2013-05-22 15:32:38&apos;
System info: os.name: &apos;Mac OS X&apos;, os.arch: &apos;x86_64&apos;, os.version: &apos;10.8.4&apos;, java.version: &apos;1.6.0_51&apos;
Session ID: b914d1caa20c5ea511667d2727ca9a3c
Driver info: org.openqa.selenium.chrome.ChromeDriver
Capabilities [{platform=MAC, chrome.chromedriverVersion=26.0.1383.0, acceptSslCerts=false, javascriptEnabled=true, browserName=chrome, rotatable=false, locationContextEnabled=false, version=27.0.1453.116, cssSelectorsEnabled=true, databaseEnabled=false, handlesAlerts=true, browserConnectionEnabled=false, nativeEvents=true, webStorageEnabled=true, applicationCacheEnabled=false, takesScreenshot=true}]
For documentation on this error, please visit: http://seleniumhq.org/exceptions/no_such_element.html
Build info: version: &apos;2.32.0&apos;, revision: &apos;6c40c18&apos;, time: &apos;2013-04-09 17:23:22&apos;
System info: os.name: &apos;Mac OS X&apos;, os.arch: &apos;x86_64&apos;, os.version: &apos;10.8.4&apos;, java.version: &apos;1.6.0_51&apos;
Driver info: driver.version: EventFiringWebDriver
	at org.openqa.selenium.remote.ErrorHandler.createThrowable(ErrorHandler.java:191)
	at org.openqa.selenium.remote.ErrorHandler.throwIfResponseFailed(ErrorHandler.java:145)
	at org.openqa.selenium.remote.RemoteWebDriver.execute(RemoteWebDriver.java:554)
	at org.openqa.selenium.remote.RemoteWebDriver.findElement(RemoteWebDriver.java:307)
	at org.openqa.selenium.remote.RemoteWebDriver.findElementByName(RemoteWebDriver.java:380)
	at org.openqa.selenium.By$ByName.findElement(By.java:292)
	at org.openqa.selenium.remote.RemoteWebDriver.findElement(RemoteWebDriver.java:299)
	at org.openqa.selenium.support.events.EventFiringWebDriver$2.invoke(EventFiringWebDriver.java:101)
	at com.sun.proxy.$Proxy1.findElement(Unknown Source)
	at org.openqa.selenium.support.events.EventFiringWebDriver.findElement(EventFiringWebDriver.java:180)
	at org.openqa.selenium.remote.server.handler.FindElement.call(FindElement.java:47)
	at org.openqa.selenium.remote.server.handler.FindElement.call(FindElement.java:1)
	at java.util.concurrent.FutureTask$Sync.innerRun(FutureTask.java:303)
	at java.util.concurrent.FutureTask.run(FutureTask.java:138)
	at org.openqa.selenium.remote.server.DefaultSession$1.run(DefaultSession.java:169)
	... 3 more
... Removed 27 stack frames</div></td></tr></table><p class="totop"><a href="#summary">back to summary</a></p><h3 id="m1">BlueSky.Login#clickSingInButton</h3><table class="result"></table><p class="totop"><a href="#summary">back to summary</a></p><h3 id="m2">BlueSky.Login#clikOnSingIn</h3><table class="result"></table><p class="totop"><a href="#summary">back to summary</a></p><h3 id="m3">BlueSky.Login#enterUserInformation</h3><table class="result"></table><p class="totop"><a href="#summary">back to summary</a></p><h3 id="m4">BlueSky.Login#openSite</h3><table class="result"></table><p class="totop"><a href="#summary">back to summary</a></p><h2>Login Test - Login Success - PGA Site</h2><h3 id="m5">BlueSky.Login#clickSingInButton</h3><table class="result"></table><p class="totop"><a href="#summary">back to summary</a></p><h3 id="m6">BlueSky.Login#clikOnSingIn</h3><table class="result"></table><p class="totop"><a href="#summary">back to summary</a></p><h3 id="m7">BlueSky.Login#enterUserInformation</h3><table class="result"></table><p class="totop"><a href="#summary">back to summary</a></p><h3 id="m8">BlueSky.Login#openSite</h3><table class="result"></table><p class="totop"><a href="#summary">back to summary</a></p><h3 id="m9">BlueSky.Login#verifyLogged</h3><table class="result"></table><p class="totop"><a href="#summary">back to summary</a></p><h2>Login Test - Login Success - Staging Site</h2><h3 id="m10">BlueSky.Login#openSite</h3><table class="result"><tr><th>Exception</th></tr><tr><td><div class="stacktrace">org.openqa.selenium.WebDriverException: Navigation failed with error code=2. (WARNING: The server did not provide any stacktrace information)
Command duration or timeout: 17.60 seconds
Build info: version: &apos;2.33.0&apos;, revision: &apos;4e90c97&apos;, time: &apos;2013-05-22 15:32:38&apos;
System info: os.name: &apos;Mac OS X&apos;, os.arch: &apos;x86_64&apos;, os.version: &apos;10.8.4&apos;, java.version: &apos;1.6.0_51&apos;
Session ID: 7387980e05c505356afdab2695ccca05
Driver info: org.openqa.selenium.chrome.ChromeDriver
Capabilities [{platform=MAC, chrome.chromedriverVersion=26.0.1383.0, acceptSslCerts=false, javascriptEnabled=true, browserName=chrome, rotatable=false, locationContextEnabled=false, version=27.0.1453.116, cssSelectorsEnabled=true, databaseEnabled=false, handlesAlerts=true, browserConnectionEnabled=false, nativeEvents=true, webStorageEnabled=true, applicationCacheEnabled=false, takesScreenshot=true}]
Command duration or timeout: 19.30 seconds
Build info: version: &apos;2.32.0&apos;, revision: &apos;6c40c18&apos;, time: &apos;2013-04-09 17:23:22&apos;
System info: os.name: &apos;Mac OS X&apos;, os.arch: &apos;x86_64&apos;, os.version: &apos;10.8.4&apos;, java.version: &apos;1.6.0_51&apos;
Session ID: 5be8e4ef-80d0-46bf-916e-0fa129f79515
Driver info: org.openqa.selenium.remote.RemoteWebDriver
Capabilities [{platform=MAC, chrome.chromedriverVersion=26.0.1383.0, acceptSslCerts=false, javascriptEnabled=true, browserName=chrome, rotatable=false, locationContextEnabled=false, webdriver.remote.sessionid=5be8e4ef-80d0-46bf-916e-0fa129f79515, version=27.0.1453.116, cssSelectorsEnabled=true, databaseEnabled=false, handlesAlerts=true, browserConnectionEnabled=false, nativeEvents=true, webStorageEnabled=true, applicationCacheEnabled=false, takesScreenshot=true}]
	at org.openqa.selenium.remote.ErrorHandler.createThrowable(ErrorHandler.java:187)
	at org.openqa.selenium.remote.ErrorHandler.throwIfResponseFailed(ErrorHandler.java:145)
	at org.openqa.selenium.remote.RemoteWebDriver.execute(RemoteWebDriver.java:554)
	at org.openqa.selenium.remote.RemoteWebDriver.get(RemoteWebDriver.java:276)
	at BlueSky.Login.openSite(Login.java:61)
	at java.util.concurrent.FutureTask$Sync.innerRun(FutureTask.java:303)
	at java.util.concurrent.FutureTask.run(FutureTask.java:138)
	at java.util.concurrent.ThreadPoolExecutor$Worker.runTask(ThreadPoolExecutor.java:895)
	at java.util.concurrent.ThreadPoolExecutor$Worker.run(ThreadPoolExecutor.java:918)
	at java.lang.Thread.run(Thread.java:680)
Caused by: org.openqa.selenium.remote.ScreenshotException: Screen shot has been taken
Build info: version: &apos;2.32.0&apos;, revision: &apos;6c40c18&apos;, time: &apos;2013-04-09 17:23:22&apos;
System info: os.name: &apos;Mac OS X&apos;, os.arch: &apos;x86_64&apos;, os.version: &apos;10.8.4&apos;, java.version: &apos;1.6.0_51&apos;
Driver info: driver.version: RemoteWebDriver
	at org.openqa.selenium.remote.ErrorHandler.throwIfResponseFailed(ErrorHandler.java:125)
	... 24 more
Caused by: org.openqa.selenium.WebDriverException: Navigation failed with error code=2. (WARNING: The server did not provide any stacktrace information)
Command duration or timeout: 17.60 seconds
Build info: version: &apos;2.33.0&apos;, revision: &apos;4e90c97&apos;, time: &apos;2013-05-22 15:32:38&apos;
System info: os.name: &apos;Mac OS X&apos;, os.arch: &apos;x86_64&apos;, os.version: &apos;10.8.4&apos;, java.version: &apos;1.6.0_51&apos;
Session ID: 7387980e05c505356afdab2695ccca05
Driver info: org.openqa.selenium.chrome.ChromeDriver
Capabilities [{platform=MAC, chrome.chromedriverVersion=26.0.1383.0, acceptSslCerts=false, javascriptEnabled=true, browserName=chrome, rotatable=false, locationContextEnabled=false, version=27.0.1453.116, cssSelectorsEnabled=true, databaseEnabled=false, handlesAlerts=true, browserConnectionEnabled=false, nativeEvents=true, webStorageEnabled=true, applicationCacheEnabled=false, takesScreenshot=true}]
Build info: version: &apos;2.32.0&apos;, revision: &apos;6c40c18&apos;, time: &apos;2013-04-09 17:23:22&apos;
System info: os.name: &apos;Mac OS X&apos;, os.arch: &apos;x86_64&apos;, os.version: &apos;10.8.4&apos;, java.version: &apos;1.6.0_51&apos;
Driver info: driver.version: EventFiringWebDriver
	at org.openqa.selenium.remote.ErrorHandler.createThrowable(ErrorHandler.java:191)
	at org.openqa.selenium.remote.ErrorHandler.throwIfResponseFailed(ErrorHandler.java:145)
	at org.openqa.selenium.remote.RemoteWebDriver.execute(RemoteWebDriver.java:554)
	at org.openqa.selenium.remote.RemoteWebDriver.get(RemoteWebDriver.java:276)
	at org.openqa.selenium.support.events.EventFiringWebDriver$2.invoke(EventFiringWebDriver.java:101)
	at com.sun.proxy.$Proxy1.get(Unknown Source)
	at org.openqa.selenium.support.events.EventFiringWebDriver.get(EventFiringWebDriver.java:155)
	at org.openqa.selenium.remote.server.handler.ChangeUrl.call(ChangeUrl.java:38)
	at org.openqa.selenium.remote.server.handler.ChangeUrl.call(ChangeUrl.java:1)
	at java.util.concurrent.FutureTask$Sync.innerRun(FutureTask.java:303)
	at java.util.concurrent.FutureTask.run(FutureTask.java:138)
	at org.openqa.selenium.remote.server.DefaultSession$1.run(DefaultSession.java:169)
	... 3 more
... Removed 28 stack frames</div></td></tr></table><p class="totop"><a href="#summary">back to summary</a></p><h3 id="m11">BlueSky.Login#clickSingInButton</h3><table class="result"></table><p class="totop"><a href="#summary">back to summary</a></p><h3 id="m12">BlueSky.Login#clikOnSingIn</h3><table class="result"></table><p class="totop"><a href="#summary">back to summary</a></p><h3 id="m13">BlueSky.Login#enterUserInformation</h3><table class="result"></table><p class="totop"><a href="#summary">back to summary</a></p><h3 id="m14">BlueSky.Login#verifyLogged</h3><table class="result"></table><p class="totop"><a href="#summary">back to summary</a></p></body></html>