<?xml version="1.0" encoding="UTF-8"?>
<testng-results skipped="0" failed="2" total="15" passed="13">
  <reporter-output>
  </reporter-output>
  <suite name="Test Login  for BlueSky UI" duration-ms="1234310" started-at="2013-07-02T22:45:27Z" finished-at="2013-07-02T23:06:01Z">
    <groups>
    </groups>
    <test name="Login Test - Login Success - Dev Site" duration-ms="210703" started-at="2013-07-02T22:45:27Z" finished-at="2013-07-02T22:48:58Z">
      <class name="BlueSky.Login">
        <test-method status="PASS" signature="beforeClass(java.lang.String, java.lang.String, java.lang.String, java.lang.String)[pri:0, instance:BlueSky.Login@7b5a6029]" name="beforeClass" is-config="true" duration-ms="2791" started-at="2013-07-02T16:45:27Z" finished-at="2013-07-02T16:45:30Z">
          <params>
            <param index="0">
              <value>
                <![CDATA[localhost]]>
              </value>
            </param>
            <param index="1">
              <value>
                <![CDATA[chrome]]>
              </value>
            </param>
            <param index="2">
              <value>
                <![CDATA[4444]]>
              </value>
            </param>
            <param index="3">
              <value>
                <![CDATA[http://devbs1.ednovo.org/BlueskyCSG/#login]]>
              </value>
            </param>
          </params>
          <reporter-output>
          </reporter-output>
        </test-method> <!-- beforeClass -->
        <test-method status="PASS" signature="openSite()[pri:0, instance:BlueSky.Login@7b5a6029]" name="openSite" duration-ms="6911" started-at="2013-07-02T16:45:30Z" finished-at="2013-07-02T16:45:37Z">
          <reporter-output>
          </reporter-output>
        </test-method> <!-- openSite -->
        <test-method status="PASS" signature="clikOnSingIn()[pri:0, instance:BlueSky.Login@7b5a6029]" name="clikOnSingIn" duration-ms="10175" started-at="2013-07-02T16:45:37Z" finished-at="2013-07-02T16:45:47Z">
          <reporter-output>
          </reporter-output>
        </test-method> <!-- clikOnSingIn -->
        <test-method status="PASS" signature="enterUserInformation()[pri:0, instance:BlueSky.Login@7b5a6029]" name="enterUserInformation" duration-ms="187" started-at="2013-07-02T16:45:47Z" finished-at="2013-07-02T16:45:47Z">
          <reporter-output>
          </reporter-output>
        </test-method> <!-- enterUserInformation -->
        <test-method status="PASS" signature="clickSingInButton()[pri:0, instance:BlueSky.Login@7b5a6029]" name="clickSingInButton" duration-ms="71" started-at="2013-07-02T16:45:47Z" finished-at="2013-07-02T16:45:47Z">
          <reporter-output>
          </reporter-output>
        </test-method> <!-- clickSingInButton -->
        <test-method status="FAIL" signature="verifyLogged()[pri:0, instance:BlueSky.Login@7b5a6029]" name="verifyLogged" duration-ms="190551" started-at="2013-07-02T16:45:47Z" finished-at="2013-07-02T16:48:58Z">
          <exception class="org.openqa.selenium.NoSuchElementException">
            <message>
              <![CDATA[The element could not be found (WARNING: The server did not provide any stacktrace information)
Command duration or timeout: 6 milliseconds
For documentation on this error, please visit: http://seleniumhq.org/exceptions/no_such_element.html
Build info: version: '2.33.0', revision: '4e90c97', time: '2013-05-22 15:32:38'
System info: os.name: 'Mac OS X', os.arch: 'x86_64', os.version: '10.8.4', java.version: '1.6.0_51'
Session ID: b914d1caa20c5ea511667d2727ca9a3c
Driver info: org.openqa.selenium.chrome.ChromeDriver
Capabilities [{platform=MAC, chrome.chromedriverVersion=26.0.1383.0, acceptSslCerts=false, javascriptEnabled=true, browserName=chrome, rotatable=false, locationContextEnabled=false, version=27.0.1453.116, cssSelectorsEnabled=true, databaseEnabled=false, handlesAlerts=true, browserConnectionEnabled=false, nativeEvents=true, webStorageEnabled=true, applicationCacheEnabled=false, takesScreenshot=true}]
Command duration or timeout: 289 milliseconds
For documentation on this error, please visit: http://seleniumhq.org/exceptions/no_such_element.html
Build info: version: '2.32.0', revision: '6c40c18', time: '2013-04-09 17:23:22'
System info: os.name: 'Mac OS X', os.arch: 'x86_64', os.version: '10.8.4', java.version: '1.6.0_51'
Session ID: 587d22ce-24fd-484e-8102-d81027209da9
Driver info: org.openqa.selenium.remote.RemoteWebDriver
Capabilities [{platform=MAC, chrome.chromedriverVersion=26.0.1383.0, acceptSslCerts=false, javascriptEnabled=true, browserName=chrome, rotatable=false, locationContextEnabled=false, webdriver.remote.sessionid=587d22ce-24fd-484e-8102-d81027209da9, version=27.0.1453.116, cssSelectorsEnabled=true, databaseEnabled=false, handlesAlerts=true, browserConnectionEnabled=false, nativeEvents=true, webStorageEnabled=true, applicationCacheEnabled=false, takesScreenshot=true}]]]>
            </message>
            <full-stacktrace>
              <![CDATA[org.openqa.selenium.NoSuchElementException: The element could not be found (WARNING: The server did not provide any stacktrace information)
Command duration or timeout: 6 milliseconds
For documentation on this error, please visit: http://seleniumhq.org/exceptions/no_such_element.html
Build info: version: '2.33.0', revision: '4e90c97', time: '2013-05-22 15:32:38'
System info: os.name: 'Mac OS X', os.arch: 'x86_64', os.version: '10.8.4', java.version: '1.6.0_51'
Session ID: b914d1caa20c5ea511667d2727ca9a3c
Driver info: org.openqa.selenium.chrome.ChromeDriver
Capabilities [{platform=MAC, chrome.chromedriverVersion=26.0.1383.0, acceptSslCerts=false, javascriptEnabled=true, browserName=chrome, rotatable=false, locationContextEnabled=false, version=27.0.1453.116, cssSelectorsEnabled=true, databaseEnabled=false, handlesAlerts=true, browserConnectionEnabled=false, nativeEvents=true, webStorageEnabled=true, applicationCacheEnabled=false, takesScreenshot=true}]
Command duration or timeout: 289 milliseconds
For documentation on this error, please visit: http://seleniumhq.org/exceptions/no_such_element.html
Build info: version: '2.32.0', revision: '6c40c18', time: '2013-04-09 17:23:22'
System info: os.name: 'Mac OS X', os.arch: 'x86_64', os.version: '10.8.4', java.version: '1.6.0_51'
Session ID: 587d22ce-24fd-484e-8102-d81027209da9
Driver info: org.openqa.selenium.remote.RemoteWebDriver
Capabilities [{platform=MAC, chrome.chromedriverVersion=26.0.1383.0, acceptSslCerts=false, javascriptEnabled=true, browserName=chrome, rotatable=false, locationContextEnabled=false, webdriver.remote.sessionid=587d22ce-24fd-484e-8102-d81027209da9, version=27.0.1453.116, cssSelectorsEnabled=true, databaseEnabled=false, handlesAlerts=true, browserConnectionEnabled=false, nativeEvents=true, webStorageEnabled=true, applicationCacheEnabled=false, takesScreenshot=true}]
	at sun.reflect.NativeConstructorAccessorImpl.newInstance0(Native Method)
	at sun.reflect.NativeConstructorAccessorImpl.newInstance(NativeConstructorAccessorImpl.java:39)
	at sun.reflect.DelegatingConstructorAccessorImpl.newInstance(DelegatingConstructorAccessorImpl.java:27)
	at java.lang.reflect.Constructor.newInstance(Constructor.java:513)
	at org.openqa.selenium.remote.ErrorHandler.createThrowable(ErrorHandler.java:187)
	at org.openqa.selenium.remote.ErrorHandler.throwIfResponseFailed(ErrorHandler.java:145)
	at org.openqa.selenium.remote.RemoteWebDriver.execute(RemoteWebDriver.java:554)
	at org.openqa.selenium.remote.RemoteWebDriver.findElement(RemoteWebDriver.java:307)
	at org.openqa.selenium.remote.RemoteWebDriver.findElementByName(RemoteWebDriver.java:380)
	at org.openqa.selenium.By$ByName.findElement(By.java:292)
	at org.openqa.selenium.remote.RemoteWebDriver.findElement(RemoteWebDriver.java:299)
	at BlueSky.Login.verifyLogged(Login.java:133)
	at sun.reflect.NativeMethodAccessorImpl.invoke0(Native Method)
	at sun.reflect.NativeMethodAccessorImpl.invoke(NativeMethodAccessorImpl.java:39)
	at sun.reflect.DelegatingMethodAccessorImpl.invoke(DelegatingMethodAccessorImpl.java:25)
	at java.lang.reflect.Method.invoke(Method.java:597)
	at org.testng.internal.MethodInvocationHelper.invokeMethod(MethodInvocationHelper.java:84)
	at org.testng.internal.Invoker.invokeMethod(Invoker.java:714)
	at org.testng.internal.Invoker.invokeTestMethod(Invoker.java:901)
	at org.testng.internal.Invoker.invokeTestMethods(Invoker.java:1231)
	at org.testng.internal.TestMethodWorker.invokeTestMethods(TestMethodWorker.java:127)
	at org.testng.internal.TestMethodWorker.run(TestMethodWorker.java:111)
	at org.testng.TestRunner.privateRun(TestRunner.java:767)
	at org.testng.TestRunner.run(TestRunner.java:617)
	at org.testng.SuiteRunner.runTest(SuiteRunner.java:335)
	at org.testng.SuiteRunner.access$000(SuiteRunner.java:37)
	at org.testng.SuiteRunner$SuiteWorker.run(SuiteRunner.java:369)
	at org.testng.internal.thread.ThreadUtil$2.call(ThreadUtil.java:64)
	at java.util.concurrent.FutureTask$Sync.innerRun(FutureTask.java:303)
	at java.util.concurrent.FutureTask.run(FutureTask.java:138)
	at java.util.concurrent.ThreadPoolExecutor$Worker.runTask(ThreadPoolExecutor.java:895)
	at java.util.concurrent.ThreadPoolExecutor$Worker.run(ThreadPoolExecutor.java:918)
	at java.lang.Thread.run(Thread.java:680)
Caused by: org.openqa.selenium.remote.ScreenshotException: Screen shot has been taken
Build info: version: '2.32.0', revision: '6c40c18', time: '2013-04-09 17:23:22'
System info: os.name: 'Mac OS X', os.arch: 'x86_64', os.version: '10.8.4', java.version: '1.6.0_51'
Driver info: driver.version: RemoteWebDriver
	at org.openqa.selenium.remote.ErrorHandler.throwIfResponseFailed(ErrorHandler.java:125)
	... 27 more
Caused by: org.openqa.selenium.NoSuchElementException: The element could not be found (WARNING: The server did not provide any stacktrace information)
Command duration or timeout: 6 milliseconds
For documentation on this error, please visit: http://seleniumhq.org/exceptions/no_such_element.html
Build info: version: '2.33.0', revision: '4e90c97', time: '2013-05-22 15:32:38'
System info: os.name: 'Mac OS X', os.arch: 'x86_64', os.version: '10.8.4', java.version: '1.6.0_51'
Session ID: b914d1caa20c5ea511667d2727ca9a3c
Driver info: org.openqa.selenium.chrome.ChromeDriver
Capabilities [{platform=MAC, chrome.chromedriverVersion=26.0.1383.0, acceptSslCerts=false, javascriptEnabled=true, browserName=chrome, rotatable=false, locationContextEnabled=false, version=27.0.1453.116, cssSelectorsEnabled=true, databaseEnabled=false, handlesAlerts=true, browserConnectionEnabled=false, nativeEvents=true, webStorageEnabled=true, applicationCacheEnabled=false, takesScreenshot=true}]
For documentation on this error, please visit: http://seleniumhq.org/exceptions/no_such_element.html
Build info: version: '2.32.0', revision: '6c40c18', time: '2013-04-09 17:23:22'
System info: os.name: 'Mac OS X', os.arch: 'x86_64', os.version: '10.8.4', java.version: '1.6.0_51'
Driver info: driver.version: EventFiringWebDriver
	at sun.reflect.NativeConstructorAccessorImpl.newInstance0(Native Method)
	at sun.reflect.NativeConstructorAccessorImpl.newInstance(NativeConstructorAccessorImpl.java:39)
	at sun.reflect.DelegatingConstructorAccessorImpl.newInstance(DelegatingConstructorAccessorImpl.java:27)
	at java.lang.reflect.Constructor.newInstance(Constructor.java:513)
	at org.openqa.selenium.remote.ErrorHandler.createThrowable(ErrorHandler.java:191)
	at org.openqa.selenium.remote.ErrorHandler.throwIfResponseFailed(ErrorHandler.java:145)
	at org.openqa.selenium.remote.RemoteWebDriver.execute(RemoteWebDriver.java:554)
	at org.openqa.selenium.remote.RemoteWebDriver.findElement(RemoteWebDriver.java:307)
	at org.openqa.selenium.remote.RemoteWebDriver.findElementByName(RemoteWebDriver.java:380)
	at org.openqa.selenium.By$ByName.findElement(By.java:292)
	at org.openqa.selenium.remote.RemoteWebDriver.findElement(RemoteWebDriver.java:299)
	at sun.reflect.GeneratedMethodAccessor23.invoke(Unknown Source)
	at sun.reflect.DelegatingMethodAccessorImpl.invoke(DelegatingMethodAccessorImpl.java:25)
	at java.lang.reflect.Method.invoke(Method.java:597)
	at org.openqa.selenium.support.events.EventFiringWebDriver$2.invoke(EventFiringWebDriver.java:101)
	at com.sun.proxy.$Proxy1.findElement(Unknown Source)
	at org.openqa.selenium.support.events.EventFiringWebDriver.findElement(EventFiringWebDriver.java:180)
	at org.openqa.selenium.remote.server.handler.FindElement.call(FindElement.java:47)
	at org.openqa.selenium.remote.server.handler.FindElement.call(FindElement.java:1)
	at java.util.concurrent.FutureTask$Sync.innerRun(FutureTask.java:303)
	at java.util.concurrent.FutureTask.run(FutureTask.java:138)
	at org.openqa.selenium.remote.server.DefaultSession$1.run(DefaultSession.java:169)
	... 3 more
]]>
            </full-stacktrace>
          </exception> <!-- org.openqa.selenium.NoSuchElementException -->
          <reporter-output>
          </reporter-output>
        </test-method> <!-- verifyLogged -->
      </class> <!-- BlueSky.Login -->
    </test> <!-- Login Test - Login Success - Dev Site -->
    <test name="Login Test - Login Success - PGA Site" duration-ms="1228647" started-at="2013-07-02T22:45:27Z" finished-at="2013-07-02T23:05:56Z">
      <class name="BlueSky.Login">
        <test-method status="PASS" signature="beforeClass(java.lang.String, java.lang.String, java.lang.String, java.lang.String)[pri:0, instance:BlueSky.Login@2f8a49e0]" name="beforeClass" is-config="true" duration-ms="2791" started-at="2013-07-02T16:45:27Z" finished-at="2013-07-02T16:45:30Z">
          <params>
            <param index="0">
              <value>
                <![CDATA[localhost]]>
              </value>
            </param>
            <param index="1">
              <value>
                <![CDATA[chrome]]>
              </value>
            </param>
            <param index="2">
              <value>
                <![CDATA[4444]]>
              </value>
            </param>
            <param index="3">
              <value>
                <![CDATA[http://bluesky-366877661.us-west-2.elb.amazonaws.com/gooru_gwt_bsky/#login]]>
              </value>
            </param>
          </params>
          <reporter-output>
          </reporter-output>
        </test-method> <!-- beforeClass -->
        <test-method status="PASS" signature="openSite()[pri:0, instance:BlueSky.Login@2f8a49e0]" name="openSite" duration-ms="13325" started-at="2013-07-02T16:45:30Z" finished-at="2013-07-02T16:45:43Z">
          <reporter-output>
          </reporter-output>
        </test-method> <!-- openSite -->
        <test-method status="PASS" signature="clikOnSingIn()[pri:0, instance:BlueSky.Login@2f8a49e0]" name="clikOnSingIn" duration-ms="10137" started-at="2013-07-02T16:45:43Z" finished-at="2013-07-02T16:45:53Z">
          <reporter-output>
          </reporter-output>
        </test-method> <!-- clikOnSingIn -->
        <test-method status="PASS" signature="enterUserInformation()[pri:0, instance:BlueSky.Login@2f8a49e0]" name="enterUserInformation" duration-ms="580" started-at="2013-07-02T16:45:53Z" finished-at="2013-07-02T16:45:54Z">
          <reporter-output>
          </reporter-output>
        </test-method> <!-- enterUserInformation -->
        <test-method status="PASS" signature="clickSingInButton()[pri:0, instance:BlueSky.Login@2f8a49e0]" name="clickSingInButton" duration-ms="69" started-at="2013-07-02T16:45:54Z" finished-at="2013-07-02T16:45:54Z">
          <reporter-output>
          </reporter-output>
        </test-method> <!-- clickSingInButton -->
        <test-method status="PASS" signature="verifyLogged()[pri:0, instance:BlueSky.Login@2f8a49e0]" name="verifyLogged" duration-ms="1201731" started-at="2013-07-02T16:45:54Z" finished-at="2013-07-02T17:05:56Z">
          <reporter-output>
          </reporter-output>
        </test-method> <!-- verifyLogged -->
      </class> <!-- BlueSky.Login -->
    </test> <!-- Login Test - Login Success - PGA Site -->
    <test name="Login Test - Login Success - Staging Site" duration-ms="1234310" started-at="2013-07-02T22:45:27Z" finished-at="2013-07-02T23:06:01Z">
      <class name="BlueSky.Login">
        <test-method status="PASS" signature="beforeClass(java.lang.String, java.lang.String, java.lang.String, java.lang.String)[pri:0, instance:BlueSky.Login@148238f4]" name="beforeClass" is-config="true" duration-ms="2791" started-at="2013-07-02T16:45:27Z" finished-at="2013-07-02T16:45:30Z">
          <params>
            <param index="0">
              <value>
                <![CDATA[localhost]]>
              </value>
            </param>
            <param index="1">
              <value>
                <![CDATA[chrome]]>
              </value>
            </param>
            <param index="2">
              <value>
                <![CDATA[4444]]>
              </value>
            </param>
            <param index="3">
              <value>
                <![CDATA[http://blueskystg.ednovo.org/Bluesky/#login]]>
              </value>
            </param>
          </params>
          <reporter-output>
          </reporter-output>
        </test-method> <!-- beforeClass -->
        <test-method status="FAIL" signature="openSite()[pri:0, instance:BlueSky.Login@148238f4]" name="openSite" duration-ms="19307" started-at="2013-07-02T16:45:30Z" finished-at="2013-07-02T16:45:49Z">
          <exception class="org.openqa.selenium.WebDriverException">
            <message>
              <![CDATA[Navigation failed with error code=2. (WARNING: The server did not provide any stacktrace information)
Command duration or timeout: 17.60 seconds
Build info: version: '2.33.0', revision: '4e90c97', time: '2013-05-22 15:32:38'
System info: os.name: 'Mac OS X', os.arch: 'x86_64', os.version: '10.8.4', java.version: '1.6.0_51'
Session ID: 7387980e05c505356afdab2695ccca05
Driver info: org.openqa.selenium.chrome.ChromeDriver
Capabilities [{platform=MAC, chrome.chromedriverVersion=26.0.1383.0, acceptSslCerts=false, javascriptEnabled=true, browserName=chrome, rotatable=false, locationContextEnabled=false, version=27.0.1453.116, cssSelectorsEnabled=true, databaseEnabled=false, handlesAlerts=true, browserConnectionEnabled=false, nativeEvents=true, webStorageEnabled=true, applicationCacheEnabled=false, takesScreenshot=true}]
Command duration or timeout: 19.30 seconds
Build info: version: '2.32.0', revision: '6c40c18', time: '2013-04-09 17:23:22'
System info: os.name: 'Mac OS X', os.arch: 'x86_64', os.version: '10.8.4', java.version: '1.6.0_51'
Session ID: 5be8e4ef-80d0-46bf-916e-0fa129f79515
Driver info: org.openqa.selenium.remote.RemoteWebDriver
Capabilities [{platform=MAC, chrome.chromedriverVersion=26.0.1383.0, acceptSslCerts=false, javascriptEnabled=true, browserName=chrome, rotatable=false, locationContextEnabled=false, webdriver.remote.sessionid=5be8e4ef-80d0-46bf-916e-0fa129f79515, version=27.0.1453.116, cssSelectorsEnabled=true, databaseEnabled=false, handlesAlerts=true, browserConnectionEnabled=false, nativeEvents=true, webStorageEnabled=true, applicationCacheEnabled=false, takesScreenshot=true}]]]>
            </message>
            <full-stacktrace>
              <![CDATA[org.openqa.selenium.WebDriverException: Navigation failed with error code=2. (WARNING: The server did not provide any stacktrace information)
Command duration or timeout: 17.60 seconds
Build info: version: '2.33.0', revision: '4e90c97', time: '2013-05-22 15:32:38'
System info: os.name: 'Mac OS X', os.arch: 'x86_64', os.version: '10.8.4', java.version: '1.6.0_51'
Session ID: 7387980e05c505356afdab2695ccca05
Driver info: org.openqa.selenium.chrome.ChromeDriver
Capabilities [{platform=MAC, chrome.chromedriverVersion=26.0.1383.0, acceptSslCerts=false, javascriptEnabled=true, browserName=chrome, rotatable=false, locationContextEnabled=false, version=27.0.1453.116, cssSelectorsEnabled=true, databaseEnabled=false, handlesAlerts=true, browserConnectionEnabled=false, nativeEvents=true, webStorageEnabled=true, applicationCacheEnabled=false, takesScreenshot=true}]
Command duration or timeout: 19.30 seconds
Build info: version: '2.32.0', revision: '6c40c18', time: '2013-04-09 17:23:22'
System info: os.name: 'Mac OS X', os.arch: 'x86_64', os.version: '10.8.4', java.version: '1.6.0_51'
Session ID: 5be8e4ef-80d0-46bf-916e-0fa129f79515
Driver info: org.openqa.selenium.remote.RemoteWebDriver
Capabilities [{platform=MAC, chrome.chromedriverVersion=26.0.1383.0, acceptSslCerts=false, javascriptEnabled=true, browserName=chrome, rotatable=false, locationContextEnabled=false, webdriver.remote.sessionid=5be8e4ef-80d0-46bf-916e-0fa129f79515, version=27.0.1453.116, cssSelectorsEnabled=true, databaseEnabled=false, handlesAlerts=true, browserConnectionEnabled=false, nativeEvents=true, webStorageEnabled=true, applicationCacheEnabled=false, takesScreenshot=true}]
	at sun.reflect.NativeConstructorAccessorImpl.newInstance0(Native Method)
	at sun.reflect.NativeConstructorAccessorImpl.newInstance(NativeConstructorAccessorImpl.java:39)
	at sun.reflect.DelegatingConstructorAccessorImpl.newInstance(DelegatingConstructorAccessorImpl.java:27)
	at java.lang.reflect.Constructor.newInstance(Constructor.java:513)
	at org.openqa.selenium.remote.ErrorHandler.createThrowable(ErrorHandler.java:187)
	at org.openqa.selenium.remote.ErrorHandler.throwIfResponseFailed(ErrorHandler.java:145)
	at org.openqa.selenium.remote.RemoteWebDriver.execute(RemoteWebDriver.java:554)
	at org.openqa.selenium.remote.RemoteWebDriver.get(RemoteWebDriver.java:276)
	at BlueSky.Login.openSite(Login.java:61)
	at sun.reflect.NativeMethodAccessorImpl.invoke0(Native Method)
	at sun.reflect.NativeMethodAccessorImpl.invoke(NativeMethodAccessorImpl.java:39)
	at sun.reflect.DelegatingMethodAccessorImpl.invoke(DelegatingMethodAccessorImpl.java:25)
	at java.lang.reflect.Method.invoke(Method.java:597)
	at org.testng.internal.MethodInvocationHelper.invokeMethod(MethodInvocationHelper.java:84)
	at org.testng.internal.Invoker.invokeMethod(Invoker.java:714)
	at org.testng.internal.Invoker.invokeTestMethod(Invoker.java:901)
	at org.testng.internal.Invoker.invokeTestMethods(Invoker.java:1231)
	at org.testng.internal.TestMethodWorker.invokeTestMethods(TestMethodWorker.java:127)
	at org.testng.internal.TestMethodWorker.run(TestMethodWorker.java:111)
	at org.testng.TestRunner.privateRun(TestRunner.java:767)
	at org.testng.TestRunner.run(TestRunner.java:617)
	at org.testng.SuiteRunner.runTest(SuiteRunner.java:335)
	at org.testng.SuiteRunner.access$000(SuiteRunner.java:37)
	at org.testng.SuiteRunner$SuiteWorker.run(SuiteRunner.java:369)
	at org.testng.internal.thread.ThreadUtil$2.call(ThreadUtil.java:64)
	at java.util.concurrent.FutureTask$Sync.innerRun(FutureTask.java:303)
	at java.util.concurrent.FutureTask.run(FutureTask.java:138)
	at java.util.concurrent.ThreadPoolExecutor$Worker.runTask(ThreadPoolExecutor.java:895)
	at java.util.concurrent.ThreadPoolExecutor$Worker.run(ThreadPoolExecutor.java:918)
	at java.lang.Thread.run(Thread.java:680)
Caused by: org.openqa.selenium.remote.ScreenshotException: Screen shot has been taken
Build info: version: '2.32.0', revision: '6c40c18', time: '2013-04-09 17:23:22'
System info: os.name: 'Mac OS X', os.arch: 'x86_64', os.version: '10.8.4', java.version: '1.6.0_51'
Driver info: driver.version: RemoteWebDriver
	at org.openqa.selenium.remote.ErrorHandler.throwIfResponseFailed(ErrorHandler.java:125)
	... 24 more
Caused by: org.openqa.selenium.WebDriverException: Navigation failed with error code=2. (WARNING: The server did not provide any stacktrace information)
Command duration or timeout: 17.60 seconds
Build info: version: '2.33.0', revision: '4e90c97', time: '2013-05-22 15:32:38'
System info: os.name: 'Mac OS X', os.arch: 'x86_64', os.version: '10.8.4', java.version: '1.6.0_51'
Session ID: 7387980e05c505356afdab2695ccca05
Driver info: org.openqa.selenium.chrome.ChromeDriver
Capabilities [{platform=MAC, chrome.chromedriverVersion=26.0.1383.0, acceptSslCerts=false, javascriptEnabled=true, browserName=chrome, rotatable=false, locationContextEnabled=false, version=27.0.1453.116, cssSelectorsEnabled=true, databaseEnabled=false, handlesAlerts=true, browserConnectionEnabled=false, nativeEvents=true, webStorageEnabled=true, applicationCacheEnabled=false, takesScreenshot=true}]
Build info: version: '2.32.0', revision: '6c40c18', time: '2013-04-09 17:23:22'
System info: os.name: 'Mac OS X', os.arch: 'x86_64', os.version: '10.8.4', java.version: '1.6.0_51'
Driver info: driver.version: EventFiringWebDriver
	at sun.reflect.NativeConstructorAccessorImpl.newInstance0(Native Method)
	at sun.reflect.NativeConstructorAccessorImpl.newInstance(NativeConstructorAccessorImpl.java:39)
	at sun.reflect.DelegatingConstructorAccessorImpl.newInstance(DelegatingConstructorAccessorImpl.java:27)
	at java.lang.reflect.Constructor.newInstance(Constructor.java:513)
	at org.openqa.selenium.remote.ErrorHandler.createThrowable(ErrorHandler.java:191)
	at org.openqa.selenium.remote.ErrorHandler.throwIfResponseFailed(ErrorHandler.java:145)
	at org.openqa.selenium.remote.RemoteWebDriver.execute(RemoteWebDriver.java:554)
	at org.openqa.selenium.remote.RemoteWebDriver.get(RemoteWebDriver.java:276)
	at sun.reflect.NativeMethodAccessorImpl.invoke0(Native Method)
	at sun.reflect.NativeMethodAccessorImpl.invoke(NativeMethodAccessorImpl.java:39)
	at sun.reflect.DelegatingMethodAccessorImpl.invoke(DelegatingMethodAccessorImpl.java:25)
	at java.lang.reflect.Method.invoke(Method.java:597)
	at org.openqa.selenium.support.events.EventFiringWebDriver$2.invoke(EventFiringWebDriver.java:101)
	at com.sun.proxy.$Proxy1.get(Unknown Source)
	at org.openqa.selenium.support.events.EventFiringWebDriver.get(EventFiringWebDriver.java:155)
	at org.openqa.selenium.remote.server.handler.ChangeUrl.call(ChangeUrl.java:38)
	at org.openqa.selenium.remote.server.handler.ChangeUrl.call(ChangeUrl.java:1)
	at java.util.concurrent.FutureTask$Sync.innerRun(FutureTask.java:303)
	at java.util.concurrent.FutureTask.run(FutureTask.java:138)
	at org.openqa.selenium.remote.server.DefaultSession$1.run(DefaultSession.java:169)
	... 3 more
]]>
            </full-stacktrace>
          </exception> <!-- org.openqa.selenium.WebDriverException -->
          <reporter-output>
          </reporter-output>
        </test-method> <!-- openSite -->
        <test-method status="PASS" signature="clikOnSingIn()[pri:0, instance:BlueSky.Login@148238f4]" name="clikOnSingIn" duration-ms="10085" started-at="2013-07-02T16:45:49Z" finished-at="2013-07-02T16:45:59Z">
          <reporter-output>
          </reporter-output>
        </test-method> <!-- clikOnSingIn -->
        <test-method status="PASS" signature="enterUserInformation()[pri:0, instance:BlueSky.Login@148238f4]" name="enterUserInformation" duration-ms="429" started-at="2013-07-02T16:45:59Z" finished-at="2013-07-02T16:46:00Z">
          <reporter-output>
          </reporter-output>
        </test-method> <!-- enterUserInformation -->
        <test-method status="PASS" signature="clickSingInButton()[pri:0, instance:BlueSky.Login@148238f4]" name="clickSingInButton" duration-ms="87" started-at="2013-07-02T16:46:00Z" finished-at="2013-07-02T16:46:00Z">
          <reporter-output>
          </reporter-output>
        </test-method> <!-- clickSingInButton -->
        <test-method status="PASS" signature="verifyLogged()[pri:0, instance:BlueSky.Login@148238f4]" name="verifyLogged" duration-ms="1201590" started-at="2013-07-02T16:46:00Z" finished-at="2013-07-02T17:06:01Z">
          <reporter-output>
          </reporter-output>
        </test-method> <!-- verifyLogged -->
      </class> <!-- BlueSky.Login -->
    </test> <!-- Login Test - Login Success - Staging Site -->
  </suite> <!-- Test Login  for BlueSky UI -->
</testng-results>
